Using pre-set license
Built from '2020.3/staging' branch; Version is '2020.3.19f1 (68f137dc9bbe) revision 6877495'; Using compiler version '192528614'; Build Type 'Release'
OS: 'Windows 10 Pro; OS build 19044.1645; Version 2009; 64bit' Language: 'en' Physical Memory: 16310 MB
BatchMode: 1, IsHumanControllingUs: 0, StartBugReporterOnCrash: 0, Is64bit: 1, IsPro: 0

COMMAND LINE ARGUMENTS:
C:\Program Files\Unity\Hub\Editor\2020.3.19f1\Editor\Unity.exe
-adb2
-batchMode
-noUpm
-name
AssetImportWorker0
-projectPath
C:/Users/Miko/Documents/GitHub/Scrumble Test
-logFile
Logs/AssetImportWorker0.log
-srvPort
64159
Successfully changed project path to: C:/Users/Miko/Documents/GitHub/Scrumble Test
C:/Users/Miko/Documents/GitHub/Scrumble Test
Using Asset Import Pipeline V2.
Refreshing native plugins compatible for Editor in 24.06 ms, found 2 plugins.
Preloading 0 native plugins for Editor in 0.00 ms.
Initialize engine version: 2020.3.19f1 (68f137dc9bbe)
[Subsystems] Discovering subsystems at path C:/Program Files/Unity/Hub/Editor/2020.3.19f1/Editor/Data/Resources/UnitySubsystems
[Subsystems] Discovering subsystems at path C:/Users/Miko/Documents/GitHub/Scrumble Test/Assets
GfxDevice: creating device client; threaded=0
Direct3D:
    Version:  Direct3D 11.0 [level 11.1]
    Renderer: NVIDIA GeForce GTX 1660 SUPER (ID=0x21c4)
    Vendor:   
    VRAM:     5991 MB
    Driver:   30.0.15.1179
Initialize mono
Mono path[0] = 'C:/Program Files/Unity/Hub/Editor/2020.3.19f1/Editor/Data/Managed'
Mono path[1] = 'C:/Program Files/Unity/Hub/Editor/2020.3.19f1/Editor/Data/MonoBleedingEdge/lib/mono/unityjit'
Mono config path = 'C:/Program Files/Unity/Hub/Editor/2020.3.19f1/Editor/Data/MonoBleedingEdge/etc'
Using monoOptions --debugger-agent=transport=dt_socket,embedding=1,server=y,suspend=n,address=127.0.0.1:56584
Begin MonoManager ReloadAssembly
Registering precompiled unity dll's ...
Register platform support module: C:/Program Files/Unity/Hub/Editor/2020.3.19f1/Editor/Data/PlaybackEngines/WebGLSupport/UnityEditor.WebGL.Extensions.dll
Register platform support module: C:/Program Files/Unity/Hub/Editor/2020.3.19f1/Editor/Data/PlaybackEngines/WindowsStandaloneSupport/UnityEditor.WindowsStandalone.Extensions.dll
Registered in 0.002217 seconds.
Native extension for WindowsStandalone target not found
Native extension for WebGL target not found
Refreshing native plugins compatible for Editor in 24.34 ms, found 2 plugins.
Preloading 0 native plugins for Editor in 0.00 ms.
Mono: successfully reloaded assembly
- Completed reload, in  1.100 seconds
Domain Reload Profiling:
	ReloadAssembly (1100ms)
		BeginReloadAssembly (59ms)
			ExecutionOrderSort (0ms)
			DisableScriptedObjects (0ms)
			BackupInstance (0ms)
			ReleaseScriptingObjects (0ms)
			CreateAndSetChildDomain (1ms)
		EndReloadAssembly (417ms)
			LoadAssemblies (57ms)
			RebuildTransferFunctionScriptingTraits (0ms)
			SetupTypeCache (128ms)
			ReleaseScriptCaches (0ms)
			RebuildScriptCaches (25ms)
			SetupLoadedEditorAssemblies (185ms)
				LogAssemblyErrors (0ms)
				InitializePlatformSupportModulesInManaged (7ms)
				SetLoadedEditorAssemblies (1ms)
				RefreshPlugins (24ms)
				BeforeProcessingInitializeOnLoad (11ms)
				ProcessInitializeOnLoadAttributes (105ms)
				ProcessInitializeOnLoadMethodAttributes (37ms)
				AfterProcessingInitializeOnLoad (0ms)
				EditorAssembliesLoaded (0ms)
			ExecutionOrderSort2 (0ms)
			AwakeInstancesAfterBackupRestoration (0ms)
Platform modules already initialized, skipping
Registering precompiled user dll's ...
Registered in 0.002469 seconds.
Begin MonoManager ReloadAssembly
Native extension for WindowsStandalone target not found
Native extension for WebGL target not found
Refreshing native plugins compatible for Editor in 0.34 ms, found 2 plugins.
Preloading 0 native plugins for Editor in 0.00 ms.
Mono: successfully reloaded assembly
- Completed reload, in  1.007 seconds
Domain Reload Profiling:
	ReloadAssembly (1008ms)
		BeginReloadAssembly (148ms)
			ExecutionOrderSort (0ms)
			DisableScriptedObjects (7ms)
			BackupInstance (0ms)
			ReleaseScriptingObjects (0ms)
			CreateAndSetChildDomain (19ms)
		EndReloadAssembly (799ms)
			LoadAssemblies (93ms)
			RebuildTransferFunctionScriptingTraits (0ms)
			SetupTypeCache (204ms)
			ReleaseScriptCaches (0ms)
			RebuildScriptCaches (33ms)
			SetupLoadedEditorAssemblies (372ms)
				LogAssemblyErrors (0ms)
				InitializePlatformSupportModulesInManaged (9ms)
				SetLoadedEditorAssemblies (1ms)
				RefreshPlugins (0ms)
				BeforeProcessingInitializeOnLoad (56ms)
				ProcessInitializeOnLoadAttributes (292ms)
				ProcessInitializeOnLoadMethodAttributes (6ms)
				AfterProcessingInitializeOnLoad (7ms)
				EditorAssembliesLoaded (0ms)
			ExecutionOrderSort2 (0ms)
			AwakeInstancesAfterBackupRestoration (10ms)
Platform modules already initialized, skipping
========================================================================
Worker process is ready to serve import requests
Launched and connected shader compiler UnityShaderCompiler.exe after 0.04 seconds
Refreshing native plugins compatible for Editor in 0.53 ms, found 2 plugins.
Preloading 0 native plugins for Editor in 0.00 ms.
Unloading 1397 Unused Serialized files (Serialized files now loaded: 0)
System memory in use before: 64.8 MB.
System memory in use after: 64.9 MB.

Unloading 16 unused Assets to reduce memory usage. Loaded Objects now: 1832.
Total: 2.941086 ms (FindLiveObjects: 0.451873 ms CreateObjectMapping: 0.038203 ms MarkObjects: 2.381867 ms  DeleteObjects: 0.062857 ms)

AssetImportParameters requested are different than current active one (requested -> active):
  custom:framework-win-MediaFoundation: 216162199b28c13a410421893ffa2e32 -> 
  custom:video-decoder-ogg-theora: a1e56fd34408186e4bbccfd4996cb3dc -> 
  custom:container-muxer-webm: aa71ff27fc2769a1b78a27578f13a17b -> 
  custom:container-demuxer-webm: 4f35f7cbe854078d1ac9338744f61a02 -> 
  custom:container-demuxer-ogg: 62fdf1f143b41e24485cea50d1cbac27 -> 
  custom:video-encoder-webm-vp8: eb34c28f22e8b96e1ab97ce403110664 -> 
  custom:video-codec-MediaFoundation-h265: 746d11721c4dcdbdad8f713fa42b33f4 -> 
  custom:video-decoder-webm-vp8: 9c59270c3fd7afecdb556c50c9e8de78 -> 
  custom:audio-decoder-ogg-vorbis: bf7c407c2cedff20999df2af8eb42d56 -> 
  custom:audio-encoder-webm-vorbis: bf7c407c2cedff20999df2af8eb42d56 -> 
========================================================================
Received Import Request.
  path: Assets/FBX
  artifactKey: Guid(a06641576f0696a499a2031198599c90) Importer(815301076,1909f56bfc062723c751e8b465ee728b)
Start importing Assets/FBX using Guid(a06641576f0696a499a2031198599c90) Importer(815301076,1909f56bfc062723c751e8b465ee728b)  -> (artifact id: '2b94b180592cd3abda67d8b52a3dac6c') in 0.007760 seconds 
  Import took 0.009762 seconds .

========================================================================
Received Import Request.
  Time since last request: 0.000171 seconds.
  path: Assets/FBX/scrumble.fbx
  artifactKey: Guid(e2e73ccc09d064243902723cd4656786) Importer(815301076,1909f56bfc062723c751e8b465ee728b)
Start importing Assets/FBX/scrumble.fbx using Guid(e2e73ccc09d064243902723cd4656786) Importer(815301076,1909f56bfc062723c751e8b465ee728b)  -> (artifact id: 'd8a6cfedcd7117bfaa8a6a9a390ceff9') in 0.138718 seconds 
  Import took 0.140849 seconds .

========================================================================
Received Import Request.
  Time since last request: 155.076697 seconds.
  path: Assets/FBX/scrumble.fbx
  artifactKey: Guid(e2e73ccc09d064243902723cd4656786) Importer(815301076,1909f56bfc062723c751e8b465ee728b)
Start importing Assets/FBX/scrumble.fbx using Guid(e2e73ccc09d064243902723cd4656786) Importer(815301076,1909f56bfc062723c751e8b465ee728b)  -> (artifact id: 'cbb523e9f7479529c85114fea0b3f898') in 0.422629 seconds 
  Import took 0.425893 seconds .

========================================================================
Received Import Request.
  Time since last request: 110.047397 seconds.
  path: Assets/FBX/scrumble.fbx
  artifactKey: Guid(e2e73ccc09d064243902723cd4656786) Importer(815301076,1909f56bfc062723c751e8b465ee728b)
Start importing Assets/FBX/scrumble.fbx using Guid(e2e73ccc09d064243902723cd4656786) Importer(815301076,1909f56bfc062723c751e8b465ee728b)  -> (artifact id: '05fcbcb9899dd5d19633a78ee58095ec') in 0.035800 seconds 
  Import took 0.038501 seconds .

========================================================================
Received Import Request.
  Time since last request: 69.592367 seconds.
  path: Assets/FBX/scrumble.fbx
  artifactKey: Guid(e2e73ccc09d064243902723cd4656786) Importer(815301076,1909f56bfc062723c751e8b465ee728b)
Start importing Assets/FBX/scrumble.fbx using Guid(e2e73ccc09d064243902723cd4656786) Importer(815301076,1909f56bfc062723c751e8b465ee728b)  -> (artifact id: 'a665802b0cc5057fc71d59e8e3618197') in 0.005166 seconds 
  Import took 0.007621 seconds .

========================================================================
Received Import Request.
  Time since last request: 123.436030 seconds.
  path: Assets/FBX/scrumble.fbx
  artifactKey: Guid(e2e73ccc09d064243902723cd4656786) Importer(815301076,1909f56bfc062723c751e8b465ee728b)
Start importing Assets/FBX/scrumble.fbx using Guid(e2e73ccc09d064243902723cd4656786) Importer(815301076,1909f56bfc062723c751e8b465ee728b)  -> (artifact id: 'a9e43b25f85be1bf8329274ece8ff801') in 0.049764 seconds 
  Import took 0.052569 seconds .

========================================================================
Received Import Request.
  Time since last request: 777.483681 seconds.
  path: Assets/FBX/scrumble.fbx
  artifactKey: Guid(e2e73ccc09d064243902723cd4656786) Importer(815301076,1909f56bfc062723c751e8b465ee728b)
Start importing Assets/FBX/scrumble.fbx using Guid(e2e73ccc09d064243902723cd4656786) Importer(815301076,1909f56bfc062723c751e8b465ee728b)  -> (artifact id: '75665ffa15d7dfce09590080862d5706') in 0.070385 seconds 
  Import took 0.073192 seconds .

========================================================================
Received Import Request.
  Time since last request: 123.077250 seconds.
  path: Assets/FBX/scrumble.fbx
  artifactKey: Guid(e2e73ccc09d064243902723cd4656786) Importer(815301076,1909f56bfc062723c751e8b465ee728b)
Start importing Assets/FBX/scrumble.fbx using Guid(e2e73ccc09d064243902723cd4656786) Importer(815301076,1909f56bfc062723c751e8b465ee728b)  -> (artifact id: '058f00c3971e20f426a2ccb239c38784') in 0.026603 seconds 
  Import took 0.029357 seconds .

========================================================================
Received Import Request.
  Time since last request: 131.655625 seconds.
  path: Assets/FBX/scrumble.fbx
  artifactKey: Guid(e2e73ccc09d064243902723cd4656786) Importer(815301076,1909f56bfc062723c751e8b465ee728b)
Start importing Assets/FBX/scrumble.fbx using Guid(e2e73ccc09d064243902723cd4656786) Importer(815301076,1909f56bfc062723c751e8b465ee728b)  -> (artifact id: '3554765eded742636ba21b1be16e7d2c') in 0.048820 seconds 
  Import took 0.051702 seconds .

========================================================================
Received Import Request.
  Time since last request: 113.262292 seconds.
  path: Assets/FBX/scrumble.fbx
  artifactKey: Guid(e2e73ccc09d064243902723cd4656786) Importer(815301076,1909f56bfc062723c751e8b465ee728b)
Start importing Assets/FBX/scrumble.fbx using Guid(e2e73ccc09d064243902723cd4656786) Importer(815301076,1909f56bfc062723c751e8b465ee728b)  -> (artifact id: '4815e795b0f6145b61506f487221d28f') in 0.057959 seconds 
  Import took 0.060721 seconds .

========================================================================
Received Import Request.
  Time since last request: 76.530682 seconds.
  path: Assets
  artifactKey: Guid(00000000000000001000000000000000) Importer(815301076,1909f56bfc062723c751e8b465ee728b)
Start importing Assets using Guid(00000000000000001000000000000000) Importer(815301076,1909f56bfc062723c751e8b465ee728b)  -> (artifact id: '42d402b061de3733987d63b9cc3b64de') in 0.005304 seconds 
  Import took 0.007970 seconds .

========================================================================
Received Import Request.
  Time since last request: 3.736987 seconds.
  path: Assets/FBX/scrumble.fbx
  artifactKey: Guid(e2e73ccc09d064243902723cd4656786) Importer(815301076,1909f56bfc062723c751e8b465ee728b)
Start importing Assets/FBX/scrumble.fbx using Guid(e2e73ccc09d064243902723cd4656786) Importer(815301076,1909f56bfc062723c751e8b465ee728b)  -> (artifact id: '9181baec9dd1b5fb56d21f2172329d48') in 0.038648 seconds 
  Import took 0.041289 seconds .

========================================================================
Received Import Request.
  Time since last request: 18.782521 seconds.
  path: Assets/Materials
  artifactKey: Guid(56612117abadc084e909233878cc6570) Importer(815301076,1909f56bfc062723c751e8b465ee728b)
Start importing Assets/Materials using Guid(56612117abadc084e909233878cc6570) Importer(815301076,1909f56bfc062723c751e8b465ee728b)  -> (artifact id: '0a479c6a49a6e6f35ad7eb34b92ff66e') in 0.005221 seconds 
  Import took 0.007535 seconds .

========================================================================
Received Import Request.
  Time since last request: 52.509774 seconds.
  path: Assets/Materials/Scrumble_texture.png
  artifactKey: Guid(918d94e031438694794a1dd8c2655556) Importer(815301076,1909f56bfc062723c751e8b465ee728b)
Start importing Assets/Materials/Scrumble_texture.png using Guid(918d94e031438694794a1dd8c2655556) Importer(815301076,1909f56bfc062723c751e8b465ee728b)  -> (artifact id: '4e62dd576b1f1401c5cc8f75e16a8570') in 0.037427 seconds 
  Import took 0.040122 seconds .

========================================================================
Received Import Request.
  Time since last request: 11.391480 seconds.
  path: Assets/Materials/Scrumble.mat
  artifactKey: Guid(706e9bfa64a26824cb2c9748cfd0de56) Importer(815301076,1909f56bfc062723c751e8b465ee728b)
Start importing Assets/Materials/Scrumble.mat using Guid(706e9bfa64a26824cb2c9748cfd0de56) Importer(815301076,1909f56bfc062723c751e8b465ee728b)  -> (artifact id: 'fff9b9006e0f297088ac3c0634238f6b') in 0.014954 seconds 
  Import took 0.017475 seconds .

========================================================================
Received Import Request.
  Time since last request: 84.361698 seconds.
  path: Assets/Materials/New Material.mat
  artifactKey: Guid(0e37e210bc6fa4345a60d977d4dbe74c) Importer(815301076,1909f56bfc062723c751e8b465ee728b)
Start importing Assets/Materials/New Material.mat using Guid(0e37e210bc6fa4345a60d977d4dbe74c) Importer(815301076,1909f56bfc062723c751e8b465ee728b)  -> (artifact id: 'afed15d4845405920b5340d0205ad562') in 0.012093 seconds 
  Import took 0.014917 seconds .

========================================================================
Received Import Request.
  Time since last request: 117.240622 seconds.
  path: Assets/Materials/New Material.mat
  artifactKey: Guid(0e37e210bc6fa4345a60d977d4dbe74c) Importer(815301076,1909f56bfc062723c751e8b465ee728b)
Start importing Assets/Materials/New Material.mat using Guid(0e37e210bc6fa4345a60d977d4dbe74c) Importer(815301076,1909f56bfc062723c751e8b465ee728b)  -> (artifact id: '80c15468b9f0fafeb969ab1fdc132459') in 0.024344 seconds 
  Import took 0.027002 seconds .

AssetImportWorkerClient::OnTransportError - code=2 error=End of file
